<?xml version="1.0" encoding="UTF-8"?>
<!-- Generated by org.testng.reporters.JUnitReportReporter -->
<testsuite hostname="LAPTOP-KJ92U2DL" failures="0" tests="6" name="testCase.TC003_Login_DDT_Build1" time="2.322" errors="0" timestamp="2024-11-26T16:05:51 IST" skipped="0">
  <testcase classname="testCase.TC003_Login_DDT_Build1" name="verify_LoginDDT" time="0.332"/>
  <testcase classname="testCase.TC003_Login_DDT_Build1" name="verify_LoginDDT" time="1.055"/>
  <testcase classname="testCase.TC003_Login_DDT_Build1" name="verify_LoginDDT" time="0.358"/>
  <testcase classname="testCase.TC003_Login_DDT_Build1" name="verify_LoginDDT" time="0.318"/>
  <testcase classname="testCase.TC003_Login_DDT_Build1" name="verify_LoginDDT" time="0.126"/>
  <testcase classname="testCase.TC003_Login_DDT_Build1" name="verify_LoginDDT" time="0.133"/>
</testsuite> <!-- testCase.TC003_Login_DDT_Build1 -->
