<?xml version="1.0" encoding="UTF-8"?>
<!-- Generated by org.testng.reporters.JUnitReportReporter -->
<testsuite hostname="LAPTOP-KJ92U2DL" failures="0" tests="1" name="testCase.TC001_NewUserRegistration" time="14.616" errors="0" timestamp="2024-11-26T16:05:51 IST" skipped="0">
  <testcase classname="testCase.TC001_NewUserRegistration" name="new_user_registration" time="14.616"/>
</testsuite> <!-- testCase.TC001_NewUserRegistration -->
