<?xml version="1.0" encoding="UTF-8"?>
<!-- Generated by org.testng.reporters.JUnitReportReporter -->
<testsuite hostname="LAPTOP-KJ92U2DL" failures="0" tests="1" name="testCase.TC009_Book_Hotel_Test_Build1" time="27.821" errors="0" timestamp="2024-11-26T16:05:51 IST" skipped="0">
  <testcase classname="testCase.TC009_Book_Hotel_Test_Build1" name="Verify_BookingHotel" time="27.821"/>
</testsuite> <!-- testCase.TC009_Book_Hotel_Test_Build1 -->
