<?xml version="1.0" encoding="UTF-8"?>
<!-- Generated by org.testng.reporters.JUnitReportReporter -->
<testsuite hostname="LAPTOP-KJ92U2DL" failures="0" tests="1" name="testCase.TC014_CheckOutDateTest_Build2" time="13.953" errors="0" timestamp="2024-11-26T16:05:51 IST" skipped="0">
  <testcase classname="testCase.TC014_CheckOutDateTest_Build2" name="Verify_CheckOut_Date" time="13.953"/>
</testsuite> <!-- testCase.TC014_CheckOutDateTest_Build2 -->
