<?xml version="1.0" encoding="UTF-8"?>
<!-- Generated by org.testng.reporters.JUnitReportReporter -->
<testsuite hostname="LAPTOP-KJ92U2DL" failures="0" tests="1" name="testCase.TC018_BookHotelTest_Build2" time="28.304" errors="0" timestamp="2024-11-26T16:05:51 IST" skipped="0">
  <testcase classname="testCase.TC018_BookHotelTest_Build2" name="Verify_BookingHotel" time="28.304"/>
</testsuite> <!-- testCase.TC018_BookHotelTest_Build2 -->
