<?xml version="1.0" encoding="UTF-8"?>
<!-- Generated by org.testng.reporters.JUnitReportReporter -->
<testsuite hostname="LAPTOP-KJ92U2DL" failures="0" tests="1" name="testCase.TC006_Select_Hotel_Test_Build1" time="5.466" errors="0" timestamp="2024-11-26T16:05:51 IST" skipped="0">
  <testcase classname="testCase.TC006_Select_Hotel_Test_Build1" name="Verify_Hotel" time="5.466"/>
</testsuite> <!-- testCase.TC006_Select_Hotel_Test_Build1 -->
