<?xml version="1.0" encoding="UTF-8"?>
<!-- Generated by org.testng.reporters.JUnitReportReporter -->
<testsuite hostname="LAPTOP-KJ92U2DL" failures="0" tests="1" name="testCase.TC002_Login_Build1_Test" time="0.700" errors="0" timestamp="2024-11-26T16:05:51 IST" skipped="0">
  <testcase classname="testCase.TC002_Login_Build1_Test" name="veriy_Login" time="0.700"/>
</testsuite> <!-- testCase.TC002_Login_Build1_Test -->
